<?xml version="1.0" encoding="UTF-8"?>
<!-- Generated by org.testng.reporters.JUnitXMLReporter -->
<testsuite ignored="0" hostname="DESKTOP-C9AATUT" failures="1" tests="4" name="Test" time="102.392" errors="0" timestamp="2022-07-16T10:09:45 IST">
  <testcase classname="test2.TestClass1" name="testFacebook" time="32.329">
    <failure type="java.lang.AssertionError" message="The following asserts failed:
	URL is mismatched expected [https://www.facebook.com/] but found [https://www.facebook.com/login/?privacy_mutation_token=eyJ0eXBlIjowLCJjcmVhdGlvbl90aW1lIjoxNjU3OTQ2MzEwLCJjYWxsc2l0ZV9pZCI6MzgxMjI5MDc5NTc1OTQ2fQ%3D%3D]">
      <![CDATA[java.lang.AssertionError: The following asserts failed:
URL is mismatched expected [https://www.facebook.com/] but found [https://www.facebook.com/login/?privacy_mutation_token=eyJ0eXBlIjowLCJjcmVhdGlvbl90aW1lIjoxNjU3OTQ2MzEwLCJjYWxsc2l0ZV9pZCI6MzgxMjI5MDc5NTc1OTQ2fQ%3D%3D]
at test2.TestClass1.testFacebook(TestClass1.java:66)
at java.base/java.util.ArrayList.forEach(ArrayList.java:1511)
... Removed 29 stack frames]]>
    </failure>
  </testcase> <!-- testFacebook -->
  <testcase classname="test2.TestClass1" name="testGoogle" time="9.355"/>
  <testcase classname="test2.TestClass1" name="testOrangeHRM" time="11.751"/>
  <testcase classname="test.LoginTest" name="login" time="8.801"/>
</testsuite> <!-- Test -->
