<?xml version="1.0" encoding="UTF-8"?>
<!-- Generated by org.testng.reporters.JUnitXMLReporter -->
<testsuite ignored="2" hostname="DESKTOP-C9AATUT" failures="0" tests="1" name="Test1" time="20.481" errors="0" timestamp="2022-07-15T10:35:27 IST">
  <testcase classname="test2.TestClass1" name="testGoogle" time="8.082"/>
  <testcase classname="test2.TestClass1" name="testOrangeHRM" time="0.0">
    <ignored/>
  </testcase> <!-- testOrangeHRM -->
  <testcase classname="test2.TestClass1" name="testFacebook" time="0.0">
    <ignored/>
  </testcase> <!-- testFacebook -->
</testsuite> <!-- Test1 -->
