<?xml version="1.0" encoding="UTF-8"?>
<!-- Generated by org.testng.reporters.JUnitXMLReporter -->
<testsuite ignored="2" hostname="DESKTOP-C9AATUT" failures="0" tests="1" name="Test3" time="21.99" errors="0" timestamp="2022-07-15T10:36:08 IST">
  <testcase classname="test2.TestClass1" name="testOrangeHRM" time="12.996"/>
  <testcase classname="test2.TestClass1" name="testGoogle" time="0.0">
    <ignored/>
  </testcase> <!-- testGoogle -->
  <testcase classname="test2.TestClass1" name="testFacebook" time="0.0">
    <ignored/>
  </testcase> <!-- testFacebook -->
</testsuite> <!-- Test3 -->
